<?xml version="1.0" encoding="UTF-8"?>
<!-- Generated by org.testng.reporters.JUnitReportReporter -->
<testsuite hostname="LAPTOP-ENJ38HA8" failures="0" tests="1" name="tests.GoogleMapRouteTest" time="27.664" errors="0" timestamp="2023-07-07T18:26:54 IST" skipped="0">
  <testcase classname="tests.GoogleMapRouteTest" name="gMapRoute" time="27.664"/>
</testsuite> <!-- tests.GoogleMapRouteTest -->
